2014-06-23 18:53:43,407 - [INFO] - from play in pool-35-thread-5 
Listening for HTTP on /0:0:0:0:0:0:0:0:9000

2014-06-23 18:53:54,286 - [INFO] - from play in play-internal-execution-context-1 
datasource [jdbc:h2:mem:play] bound to JNDI as DefaultDS

2014-06-23 18:53:54,410 - [INFO] - from play in play-internal-execution-context-1 
database [default] connected at jdbc:h2:mem:play

2014-06-23 18:53:54,821 - [ERROR] - from application in New I/O worker #1 


! @6ije90i7b - Internal server error, for (GET) [/clientProducts] ->

play.api.db.evolutions.InvalidDatabaseRevision: Database 'default' needs evolution![An SQL script need to be run on your database.]
	at play.api.db.evolutions.EvolutionsPlugin$$anonfun$onStart$1$$anonfun$apply$1.apply$mcV$sp(Evolutions.scala:486) ~[na:na]
	at play.api.db.evolutions.EvolutionsPlugin.withLock(Evolutions.scala:507) ~[na:na]
	at play.api.db.evolutions.EvolutionsPlugin$$anonfun$onStart$1.apply(Evolutions.scala:461) ~[na:na]
	at play.api.db.evolutions.EvolutionsPlugin$$anonfun$onStart$1.apply(Evolutions.scala:459) ~[na:na]
	at scala.collection.immutable.List.foreach(List.scala:318) ~[na:na]
	at play.api.db.evolutions.EvolutionsPlugin.onStart(Evolutions.scala:459) ~[na:na]
	at play.api.Play$$anonfun$start$1$$anonfun$apply$mcV$sp$1.apply(Play.scala:88) ~[na:na]
	at play.api.Play$$anonfun$start$1$$anonfun$apply$mcV$sp$1.apply(Play.scala:88) ~[na:na]
	at scala.collection.immutable.List.foreach(List.scala:318) ~[na:na]
	at play.api.Play$$anonfun$start$1.apply$mcV$sp(Play.scala:88) ~[na:na]
	at play.api.Play$$anonfun$start$1.apply(Play.scala:88) ~[na:na]
	at play.api.Play$$anonfun$start$1.apply(Play.scala:88) ~[na:na]
	at play.utils.Threads$.withContextClassLoader(Threads.scala:18) ~[na:na]
	at play.api.Play$.start(Play.scala:87) ~[na:na]
	at play.core.ReloadableApplication$$anonfun$get$1$$anonfun$apply$1$$anonfun$1.apply(ApplicationProvider.scala:139) ~[na:na]
	at play.core.ReloadableApplication$$anonfun$get$1$$anonfun$apply$1$$anonfun$1.apply(ApplicationProvider.scala:112) ~[na:na]
	at scala.Option.map(Option.scala:145) ~[na:na]
	at play.core.ReloadableApplication$$anonfun$get$1$$anonfun$apply$1.apply(ApplicationProvider.scala:112) ~[na:na]
	at play.core.ReloadableApplication$$anonfun$get$1$$anonfun$apply$1.apply(ApplicationProvider.scala:110) ~[na:na]
	at scala.util.Success.flatMap(Try.scala:200) ~[na:na]
	at play.core.ReloadableApplication$$anonfun$get$1.apply(ApplicationProvider.scala:110) ~[na:na]
	at play.core.ReloadableApplication$$anonfun$get$1.apply(ApplicationProvider.scala:102) ~[na:na]
	at scala.concurrent.impl.Future$PromiseCompletingRunnable.liftedTree1$1(Future.scala:24) ~[na:na]
	at scala.concurrent.impl.Future$PromiseCompletingRunnable.run(Future.scala:24) ~[na:na]
	at com.typesafe.trace.FutureRunnable.run(FutureTrace.scala:119) ~[na:na]
	at scala.concurrent.forkjoin.ForkJoinTask$AdaptedRunnableAction.exec(ForkJoinTask.java:1361) ~[na:na]
	at scala.concurrent.forkjoin.ForkJoinTask.doExec(ForkJoinTask.java:260) ~[na:na]
	at scala.concurrent.forkjoin.ForkJoinPool$WorkQueue.runTask(ForkJoinPool.java:1339) ~[na:na]
	at scala.concurrent.forkjoin.ForkJoinPool.runWorker(ForkJoinPool.java:1979) ~[na:na]
	at scala.concurrent.forkjoin.ForkJoinWorkerThread.run(ForkJoinWorkerThread.java:107) ~[na:na]

2014-06-23 18:53:57,234 - [ERROR] - from application in New I/O worker #1 


! @6ije90i7b - Internal server error, for (GET) [/clientProducts] ->

play.api.db.evolutions.InvalidDatabaseRevision: Database 'default' needs evolution![An SQL script need to be run on your database.]
	at play.api.db.evolutions.EvolutionsPlugin$$anonfun$onStart$1$$anonfun$apply$1.apply$mcV$sp(Evolutions.scala:486) ~[na:na]
	at play.api.db.evolutions.EvolutionsPlugin.withLock(Evolutions.scala:507) ~[na:na]
	at play.api.db.evolutions.EvolutionsPlugin$$anonfun$onStart$1.apply(Evolutions.scala:461) ~[na:na]
	at play.api.db.evolutions.EvolutionsPlugin$$anonfun$onStart$1.apply(Evolutions.scala:459) ~[na:na]
	at scala.collection.immutable.List.foreach(List.scala:318) ~[na:na]
	at play.api.db.evolutions.EvolutionsPlugin.onStart(Evolutions.scala:459) ~[na:na]
	at play.api.Play$$anonfun$start$1$$anonfun$apply$mcV$sp$1.apply(Play.scala:88) ~[na:na]
	at play.api.Play$$anonfun$start$1$$anonfun$apply$mcV$sp$1.apply(Play.scala:88) ~[na:na]
	at scala.collection.immutable.List.foreach(List.scala:318) ~[na:na]
	at play.api.Play$$anonfun$start$1.apply$mcV$sp(Play.scala:88) ~[na:na]
	at play.api.Play$$anonfun$start$1.apply(Play.scala:88) ~[na:na]
	at play.api.Play$$anonfun$start$1.apply(Play.scala:88) ~[na:na]
	at play.utils.Threads$.withContextClassLoader(Threads.scala:18) ~[na:na]
	at play.api.Play$.start(Play.scala:87) ~[na:na]
	at play.core.ReloadableApplication$$anonfun$get$1$$anonfun$apply$1$$anonfun$1.apply(ApplicationProvider.scala:139) ~[na:na]
	at play.core.ReloadableApplication$$anonfun$get$1$$anonfun$apply$1$$anonfun$1.apply(ApplicationProvider.scala:112) ~[na:na]
	at scala.Option.map(Option.scala:145) ~[na:na]
	at play.core.ReloadableApplication$$anonfun$get$1$$anonfun$apply$1.apply(ApplicationProvider.scala:112) ~[na:na]
	at play.core.ReloadableApplication$$anonfun$get$1$$anonfun$apply$1.apply(ApplicationProvider.scala:110) ~[na:na]
	at scala.util.Success.flatMap(Try.scala:200) ~[na:na]
	at play.core.ReloadableApplication$$anonfun$get$1.apply(ApplicationProvider.scala:110) ~[na:na]
	at play.core.ReloadableApplication$$anonfun$get$1.apply(ApplicationProvider.scala:102) ~[na:na]
	at scala.concurrent.impl.Future$PromiseCompletingRunnable.liftedTree1$1(Future.scala:24) ~[na:na]
	at scala.concurrent.impl.Future$PromiseCompletingRunnable.run(Future.scala:24) ~[na:na]
	at com.typesafe.trace.FutureRunnable.run(FutureTrace.scala:119) ~[na:na]
	at scala.concurrent.forkjoin.ForkJoinTask$AdaptedRunnableAction.exec(ForkJoinTask.java:1361) ~[na:na]
	at scala.concurrent.forkjoin.ForkJoinTask.doExec(ForkJoinTask.java:260) ~[na:na]
	at scala.concurrent.forkjoin.ForkJoinPool$WorkQueue.runTask(ForkJoinPool.java:1339) ~[na:na]
	at scala.concurrent.forkjoin.ForkJoinPool.runWorker(ForkJoinPool.java:1979) ~[na:na]
	at scala.concurrent.forkjoin.ForkJoinWorkerThread.run(ForkJoinWorkerThread.java:107) ~[na:na]

2014-06-23 18:54:00,639 - [INFO] - from play in play-internal-execution-context-1 
datasource [jdbc:h2:mem:play] bound to JNDI as DefaultDS

2014-06-23 18:54:00,641 - [INFO] - from play in play-internal-execution-context-1 
database [default] connected at jdbc:h2:mem:play

2014-06-23 18:54:01,915 - [INFO] - from play in play-internal-execution-context-1 
Application started (Dev)

2014-06-24 00:15:38,190 - [INFO] - from play in play-internal-execution-context-1 
datasource [jdbc:h2:mem:play] bound to JNDI as DefaultDS

2014-06-24 00:15:38,192 - [INFO] - from play in play-internal-execution-context-1 
database [default] connected at jdbc:h2:mem:play

2014-06-24 00:15:38,359 - [INFO] - from play in play-internal-execution-context-1 
Application started (Dev)

2014-06-24 00:17:16,776 - [INFO] - from play in play-internal-execution-context-1 
datasource [jdbc:h2:mem:play] bound to JNDI as DefaultDS

2014-06-24 00:17:16,777 - [INFO] - from play in play-internal-execution-context-1 
database [default] connected at jdbc:h2:mem:play

2014-06-24 00:17:16,937 - [INFO] - from play in play-internal-execution-context-1 
Application started (Dev)

